<?xml version="1.0" encoding="UTF-8"?>
<!-- Generated by org.testng.reporters.JUnitXMLReporter -->
<testsuite hostname="LAPTOP-OAS5Q4RE" ignored="0" name="Test" tests="15" failures="1" timestamp="17 Mar 2021 18:44:54 GMT" time="51.956" errors="0">
  <testcase name="welcomepageValidation" time="0.771" classname="com.Tests.WelcomePageTest"/>
  <testcase name="Login" time="1.226" classname="com.Tests.LoginpageTest"/>
  <testcase name="validateAccountid" time="0.047" classname="com.Tests.LoginpageTest"/>
  <testcase name="selectbook" time="3.423" classname="com.Tests.HomepageTest"/>
  <testcase name="AddtoCart" time="0.583" classname="com.Tests.HomepageTest"/>
  <testcase name="proccessing" time="0.842" classname="com.Tests.ShoppingcartTest"/>
  <testcase name="validatesubtotal" time="1.465" classname="com.Tests.ShoppingcartTest"/>
  <testcase name="billingAddress" time="1.227" classname="com.Tests.PaymentTest"/>
  <testcase name="shippingAddress" time="0.764" classname="com.Tests.PaymentTest"/>
  <testcase name="shippingmethod" time="0.341" classname="com.Tests.PaymentTest"/>
  <testcase name="paymentmethod" time="0.398" classname="com.Tests.PaymentTest"/>
  <testcase name="paymentinfo" time="0.42" classname="com.Tests.PaymentTest"/>
  <testcase name="confirm" time="0.29" classname="com.Tests.PaymentTest"/>
  <testcase name="logoutMethod" time="10.921" classname="com.Tests.PaymentTest"/>
  <testcase name="orderdetails" time="0.063" classname="com.Tests.PaymentTest">
    <failure type="java.lang.AssertionError" message="expected [Your order has been successfully processed!] but found [CATEGORIES]">
      <![CDATA[java.lang.AssertionError: expected [Your order has been successfully processed!] but found [CATEGORIES]
	at com.Tests.PaymentTest.orderdetails(PaymentTest.java:64)
... Removed 31 stack frames]]>
    </failure>
  </testcase> <!-- orderdetails -->
</testsuite> <!-- Test -->
