<?xml version="1.0" encoding="UTF-8"?>
<testng-results skipped="0" failed="1" ignored="0" total="15" passed="14">
  <reporter-output>
  </reporter-output>
  <suite name="Suite" duration-ms="51956" started-at="2021-03-17T18:44:02Z" finished-at="2021-03-17T18:44:54Z">
    <groups>
    </groups>
    <test name="Test" duration-ms="51956" started-at="2021-03-17T18:44:02Z" finished-at="2021-03-17T18:44:54Z">
      <class name="com.Tests.PaymentTest">
        <test-method status="PASS" signature="billingAddress()[pri:5, instance:com.Tests.PaymentTest@3532ec19]" name="billingAddress" duration-ms="1227" started-at="2021-03-18T00:14:39Z" finished-at="2021-03-18T00:14:40Z">
          <reporter-output>
          </reporter-output>
        </test-method> <!-- billingAddress -->
        <test-method status="PASS" signature="shippingAddress()[pri:6, instance:com.Tests.PaymentTest@3532ec19]" name="shippingAddress" duration-ms="764" started-at="2021-03-18T00:14:40Z" finished-at="2021-03-18T00:14:41Z">
          <reporter-output>
          </reporter-output>
        </test-method> <!-- shippingAddress -->
        <test-method status="PASS" signature="shippingmethod()[pri:7, instance:com.Tests.PaymentTest@3532ec19]" name="shippingmethod" duration-ms="341" started-at="2021-03-18T00:14:41Z" finished-at="2021-03-18T00:14:41Z">
          <reporter-output>
          </reporter-output>
        </test-method> <!-- shippingmethod -->
        <test-method status="PASS" signature="paymentmethod()[pri:8, instance:com.Tests.PaymentTest@3532ec19]" name="paymentmethod" duration-ms="398" started-at="2021-03-18T00:14:41Z" finished-at="2021-03-18T00:14:41Z">
          <reporter-output>
          </reporter-output>
        </test-method> <!-- paymentmethod -->
        <test-method status="PASS" signature="paymentinfo()[pri:9, instance:com.Tests.PaymentTest@3532ec19]" name="paymentinfo" duration-ms="420" started-at="2021-03-18T00:14:41Z" finished-at="2021-03-18T00:14:42Z">
          <reporter-output>
          </reporter-output>
        </test-method> <!-- paymentinfo -->
        <test-method status="PASS" signature="confirm()[pri:10, instance:com.Tests.PaymentTest@3532ec19]" name="confirm" duration-ms="290" started-at="2021-03-18T00:14:42Z" finished-at="2021-03-18T00:14:42Z">
          <reporter-output>
          </reporter-output>
        </test-method> <!-- confirm -->
        <test-method status="PASS" signature="logoutMethod()[pri:10, instance:com.Tests.PaymentTest@3532ec19]" name="logoutMethod" duration-ms="10921" started-at="2021-03-18T00:14:42Z" finished-at="2021-03-18T00:14:53Z">
          <reporter-output>
          </reporter-output>
        </test-method> <!-- logoutMethod -->
        <test-method status="FAIL" signature="orderdetails()[pri:11, instance:com.Tests.PaymentTest@3532ec19]" name="orderdetails" duration-ms="63" started-at="2021-03-18T00:14:53Z" finished-at="2021-03-18T00:14:53Z">
          <exception class="java.lang.AssertionError">
            <message>
              <![CDATA[expected [Your order has been successfully processed!] but found [CATEGORIES]]]>
            </message>
            <full-stacktrace>
              <![CDATA[java.lang.AssertionError: expected [Your order has been successfully processed!] but found [CATEGORIES]
	at org.testng.Assert.fail(Assert.java:93)
	at org.testng.Assert.failNotEquals(Assert.java:512)
	at org.testng.Assert.assertEqualsImpl(Assert.java:134)
	at org.testng.Assert.assertEquals(Assert.java:115)
	at org.testng.Assert.assertEquals(Assert.java:189)
	at org.testng.Assert.assertEquals(Assert.java:199)
	at com.Tests.PaymentTest.orderdetails(PaymentTest.java:64)
	at sun.reflect.NativeMethodAccessorImpl.invoke0(Native Method)
	at sun.reflect.NativeMethodAccessorImpl.invoke(NativeMethodAccessorImpl.java:62)
	at sun.reflect.DelegatingMethodAccessorImpl.invoke(DelegatingMethodAccessorImpl.java:43)
	at java.lang.reflect.Method.invoke(Method.java:498)
	at org.testng.internal.MethodInvocationHelper.invokeMethod(MethodInvocationHelper.java:108)
	at org.testng.internal.Invoker.invokeMethod(Invoker.java:661)
	at org.testng.internal.Invoker.invokeTestMethod(Invoker.java:869)
	at org.testng.internal.Invoker.invokeTestMethods(Invoker.java:1193)
	at org.testng.internal.TestMethodWorker.invokeTestMethods(TestMethodWorker.java:126)
	at org.testng.internal.TestMethodWorker.run(TestMethodWorker.java:109)
	at org.testng.TestRunner.privateRun(TestRunner.java:744)
	at org.testng.TestRunner.run(TestRunner.java:602)
	at org.testng.SuiteRunner.runTest(SuiteRunner.java:380)
	at org.testng.SuiteRunner.runSequentially(SuiteRunner.java:375)
	at org.testng.SuiteRunner.privateRun(SuiteRunner.java:340)
	at org.testng.SuiteRunner.run(SuiteRunner.java:289)
	at org.testng.SuiteRunnerWorker.runSuite(SuiteRunnerWorker.java:52)
	at org.testng.SuiteRunnerWorker.run(SuiteRunnerWorker.java:86)
	at org.testng.TestNG.runSuitesSequentially(TestNG.java:1301)
	at org.testng.TestNG.runSuitesLocally(TestNG.java:1226)
	at org.testng.TestNG.runSuites(TestNG.java:1144)
	at org.testng.TestNG.run(TestNG.java:1115)
	at org.testng.remote.AbstractRemoteTestNG.run(AbstractRemoteTestNG.java:114)
	at org.testng.remote.RemoteTestNG.initAndRun(RemoteTestNG.java:251)
	at org.testng.remote.RemoteTestNG.main(RemoteTestNG.java:77)
]]>
            </full-stacktrace>
          </exception> <!-- java.lang.AssertionError -->
          <reporter-output>
          </reporter-output>
        </test-method> <!-- orderdetails -->
        <test-method status="PASS" signature="teardown()[pri:0, instance:com.Tests.PaymentTest@3532ec19]" name="teardown" is-config="true" duration-ms="720" started-at="2021-03-18T00:14:53Z" finished-at="2021-03-18T00:14:54Z">
          <reporter-output>
          </reporter-output>
        </test-method> <!-- teardown -->
      </class> <!-- com.Tests.PaymentTest -->
      <class name="com.Tests.ShoppingcartTest">
        <test-method status="PASS" signature="setup()[pri:0, instance:com.Tests.ShoppingcartTest@26653222]" name="setup" is-config="true" duration-ms="6585" started-at="2021-03-18T00:14:30Z" finished-at="2021-03-18T00:14:36Z">
          <reporter-output>
          </reporter-output>
        </test-method> <!-- setup -->
        <test-method status="PASS" signature="proccessing()[pri:3, instance:com.Tests.ShoppingcartTest@26653222]" name="proccessing" duration-ms="842" started-at="2021-03-18T00:14:36Z" finished-at="2021-03-18T00:14:37Z">
          <reporter-output>
          </reporter-output>
        </test-method> <!-- proccessing -->
        <test-method status="PASS" signature="validatesubtotal()[pri:4, instance:com.Tests.ShoppingcartTest@26653222]" name="validatesubtotal" duration-ms="1465" started-at="2021-03-18T00:14:37Z" finished-at="2021-03-18T00:14:39Z">
          <reporter-output>
          </reporter-output>
        </test-method> <!-- validatesubtotal -->
      </class> <!-- com.Tests.ShoppingcartTest -->
      <class name="com.Tests.LoginpageTest">
        <test-method status="PASS" signature="setup()[pri:0, instance:com.Tests.LoginpageTest@3ffc5af1]" name="setup" is-config="true" duration-ms="5002" started-at="2021-03-18T00:14:10Z" finished-at="2021-03-18T00:14:15Z">
          <reporter-output>
          </reporter-output>
        </test-method> <!-- setup -->
        <test-method status="PASS" signature="Login()[pri:0, instance:com.Tests.LoginpageTest@3ffc5af1]" name="Login" duration-ms="1226" started-at="2021-03-18T00:14:15Z" finished-at="2021-03-18T00:14:16Z">
          <reporter-output>
          </reporter-output>
        </test-method> <!-- Login -->
        <test-method status="PASS" signature="validateAccountid()[pri:0, instance:com.Tests.LoginpageTest@3ffc5af1]" name="validateAccountid" duration-ms="47" started-at="2021-03-18T00:14:16Z" finished-at="2021-03-18T00:14:16Z">
          <reporter-output>
          </reporter-output>
        </test-method> <!-- validateAccountid -->
        <test-method status="PASS" signature="teardown()[pri:0, instance:com.Tests.LoginpageTest@3ffc5af1]" name="teardown" is-config="true" duration-ms="694" started-at="2021-03-18T00:14:16Z" finished-at="2021-03-18T00:14:17Z">
          <reporter-output>
          </reporter-output>
        </test-method> <!-- teardown -->
      </class> <!-- com.Tests.LoginpageTest -->
      <class name="com.Tests.HomepageTest">
        <test-method status="PASS" signature="setup()[pri:0, instance:com.Tests.HomepageTest@5e5792a0]" name="setup" is-config="true" duration-ms="7913" started-at="2021-03-18T00:14:17Z" finished-at="2021-03-18T00:14:25Z">
          <reporter-output>
          </reporter-output>
        </test-method> <!-- setup -->
        <test-method status="PASS" signature="selectbook()[pri:1, instance:com.Tests.HomepageTest@5e5792a0]" name="selectbook" duration-ms="3423" started-at="2021-03-18T00:14:25Z" finished-at="2021-03-18T00:14:28Z">
          <reporter-output>
          </reporter-output>
        </test-method> <!-- selectbook -->
        <test-method status="PASS" signature="AddtoCart()[pri:2, instance:com.Tests.HomepageTest@5e5792a0]" name="AddtoCart" duration-ms="583" started-at="2021-03-18T00:14:28Z" finished-at="2021-03-18T00:14:29Z">
          <reporter-output>
          </reporter-output>
        </test-method> <!-- AddtoCart -->
        <test-method status="PASS" signature="teardown()[pri:0, instance:com.Tests.HomepageTest@5e5792a0]" name="teardown" is-config="true" duration-ms="733" started-at="2021-03-18T00:14:29Z" finished-at="2021-03-18T00:14:30Z">
          <reporter-output>
          </reporter-output>
        </test-method> <!-- teardown -->
      </class> <!-- com.Tests.HomepageTest -->
      <class name="com.Tests.WelcomePageTest">
        <test-method status="PASS" signature="setup()[pri:0, instance:com.Tests.WelcomePageTest@29774679]" name="setup" is-config="true" duration-ms="6673" started-at="2021-03-18T00:14:02Z" finished-at="2021-03-18T00:14:08Z">
          <reporter-output>
          </reporter-output>
        </test-method> <!-- setup -->
        <test-method status="PASS" signature="welcomepageValidation()[pri:0, instance:com.Tests.WelcomePageTest@29774679]" name="welcomepageValidation" duration-ms="771" started-at="2021-03-18T00:14:08Z" finished-at="2021-03-18T00:14:09Z">
          <reporter-output>
          </reporter-output>
        </test-method> <!-- welcomepageValidation -->
        <test-method status="PASS" signature="teardown()[pri:0, instance:com.Tests.WelcomePageTest@29774679]" name="teardown" is-config="true" duration-ms="786" started-at="2021-03-18T00:14:09Z" finished-at="2021-03-18T00:14:10Z">
          <reporter-output>
          </reporter-output>
        </test-method> <!-- teardown -->
      </class> <!-- com.Tests.WelcomePageTest -->
    </test> <!-- Test -->
  </suite> <!-- Suite -->
</testng-results>
